2025-11-05T17:19:31.875302Z | START extract
2025-11-05T17:19:31.876952Z | DONE  extract
2025-11-05T17:19:31.877241Z | START transform
2025-11-05T17:19:31.916949Z | DONE  transform
2025-11-05T17:19:31.918209Z | START load
2025-11-05T17:19:31.922937Z | DONE  load
2025-11-05T17:19:31.923371Z | START train
2025-11-05T17:19:31.976999Z | DONE  train
2025-11-05T17:19:31.977372Z | START evaluate
2025-11-05T17:19:31.978751Z | DONE  evaluate
2025-11-05T17:22:38.462175Z | START extract
2025-11-05T17:22:38.463885Z | DONE  extract
2025-11-05T17:22:38.464119Z | START transform
2025-11-05T17:22:38.479910Z | DONE  transform
2025-11-05T17:22:38.480236Z | START load
2025-11-05T17:22:38.482498Z | DONE  load
2025-11-05T17:22:38.482844Z | START train
2025-11-05T17:22:38.502541Z | DONE  train
2025-11-05T17:22:38.503040Z | START evaluate
2025-11-05T17:22:38.504185Z | DONE  evaluate
2025-11-07T00:40:04.213440Z | START extract
2025-11-07T00:40:04.215456Z | DONE  extract
2025-11-07T00:40:04.215746Z | START transform
2025-11-07T00:40:04.242461Z | DONE  transform
2025-11-07T00:40:04.242787Z | START load
2025-11-07T00:40:04.245233Z | DONE  load
2025-11-07T00:40:04.245526Z | START train
2025-11-07T00:40:04.294944Z | DONE  train
2025-11-07T00:40:04.296304Z | START evaluate
2025-11-07T00:40:04.301648Z | DONE  evaluate
